TN:
SF:src/app.controller.ts
FN:6,(anonymous_2)
FN:9,(anonymous_3)
FNF:2
FNH:2
FNDA:1,(anonymous_2)
FNDA:1,(anonymous_3)
DA:1,1
DA:2,1
DA:5,1
DA:6,1
DA:9,1
DA:10,1
LF:6
LH:6
BRDA:6,0,0,1
BRDA:6,0,1,0
BRDA:6,1,0,1
BRDA:6,1,1,1
BRF:4
BRH:3
end_of_record
TN:
SF:src/app.service.ts
FN:5,(anonymous_1)
FNF:1
FNH:1
FNDA:1,(anonymous_1)
DA:1,1
DA:4,1
DA:6,1
LF:3
LH:3
BRF:0
BRH:0
end_of_record
TN:
SF:src/addresses/addresses.controller.ts
FN:20,(anonymous_4)
FN:23,(anonymous_5)
FN:28,(anonymous_6)
FN:33,(anonymous_7)
FNF:4
FNH:0
FNDA:0,(anonymous_4)
FNDA:0,(anonymous_5)
FNDA:0,(anonymous_6)
FNDA:0,(anonymous_7)
DA:1,0
DA:11,0
DA:12,0
DA:14,0
DA:15,0
DA:19,0
DA:20,0
DA:23,0
DA:24,0
DA:28,0
DA:29,0
DA:33,0
DA:38,0
LF:13
LH:0
BRDA:28,0,0,0
BRDA:28,0,1,0
BRDA:28,1,0,0
BRDA:28,1,1,0
BRDA:35,2,0,0
BRDA:35,2,1,0
BRDA:35,3,0,0
BRDA:35,3,1,0
BRDA:20,4,0,0
BRDA:20,4,1,0
BRDA:20,5,0,0
BRDA:20,5,1,0
BRF:12
BRH:0
end_of_record
TN:
SF:src/addresses/addresses.service.ts
FN:7,(anonymous_2)
FN:9,(anonymous_3)
FN:17,(anonymous_4)
FN:32,(anonymous_5)
FNF:4
FNH:0
FNDA:0,(anonymous_2)
FNDA:0,(anonymous_3)
FNDA:0,(anonymous_4)
FNDA:0,(anonymous_5)
DA:1,0
DA:2,0
DA:6,0
DA:7,0
DA:10,0
DA:14,0
DA:18,0
DA:33,0
DA:36,0
DA:37,0
DA:39,0
LF:11
LH:0
BRDA:36,0,0,0
BRDA:36,0,1,0
BRDA:7,1,0,0
BRDA:7,1,1,0
BRDA:7,2,0,0
BRDA:7,2,1,0
BRF:6
BRH:0
end_of_record
TN:
SF:src/auth/auth.controller.ts
FN:8,(anonymous_4)
FN:11,(anonymous_5)
FN:16,(anonymous_6)
FNF:3
FNH:0
FNDA:0,(anonymous_4)
FNDA:0,(anonymous_5)
FNDA:0,(anonymous_6)
DA:1,0
DA:2,0
DA:3,0
DA:4,0
DA:7,0
DA:8,0
DA:11,0
DA:12,0
DA:16,0
DA:17,0
LF:10
LH:0
BRDA:11,0,0,0
BRDA:11,0,1,0
BRDA:11,1,0,0
BRDA:11,1,1,0
BRDA:16,2,0,0
BRDA:16,2,1,0
BRDA:16,3,0,0
BRDA:16,3,1,0
BRDA:8,4,0,0
BRDA:8,4,1,0
BRDA:8,5,0,0
BRDA:8,5,1,0
BRF:12
BRH:0
end_of_record
TN:
SF:src/auth/auth.service.ts
FN:18,(anonymous_13)
FN:25,(anonymous_14)
FN:89,(anonymous_15)
FNF:3
FNH:3
FNDA:6,(anonymous_13)
FNDA:3,(anonymous_14)
FNDA:3,(anonymous_15)
DA:2,1
DA:9,1
DA:10,1
DA:11,1
DA:13,1
DA:17,1
DA:19,6
DA:20,6
DA:22,6
DA:26,3
DA:31,3
DA:37,3
DA:38,1
DA:42,1
DA:45,2
DA:46,2
DA:47,2
DA:53,2
DA:54,0
DA:57,2
DA:71,2
DA:76,2
DA:90,3
DA:99,3
DA:100,1
DA:104,1
DA:107,2
DA:108,0
DA:112,0
DA:115,2
DA:120,2
DA:121,1
DA:125,1
DA:128,1
DA:133,1
DA:139,1
DA:141,1
LF:37
LH:34
BRDA:37,0,0,1
BRDA:37,0,1,2
BRDA:46,1,0,2
BRDA:46,1,1,2
BRDA:46,2,0,0
BRDA:46,2,1,2
BRDA:53,3,0,0
BRDA:53,3,1,2
BRDA:99,4,0,1
BRDA:99,4,1,2
BRDA:107,5,0,0
BRDA:107,5,1,2
BRDA:120,6,0,1
BRDA:120,6,1,1
BRDA:19,7,0,1
BRDA:19,7,1,0
BRDA:19,8,0,1
BRDA:19,8,1,1
BRDA:19,9,0,1
BRDA:19,9,1,0
BRDA:19,10,0,1
BRDA:19,10,1,1
BRF:22
BRH:17
end_of_record
TN:
SF:src/auth/decorators/current-user.decorator.ts
FN:6,(anonymous_0)
FNF:1
FNH:0
FNDA:0,(anonymous_0)
DA:1,2
DA:5,2
DA:7,0
DA:10,0
LF:4
LH:2
BRF:0
BRH:0
end_of_record
TN:
SF:src/auth/decorators/roles.decorator.ts
FN:4,(anonymous_0)
FNF:1
FNH:1
FNDA:9,(anonymous_0)
DA:1,2
DA:3,2
DA:4,9
LF:3
LH:3
BRF:0
BRH:0
end_of_record
TN:
SF:src/auth/guards/roles.guard.ts
FN:15,(anonymous_2)
FN:20,(anonymous_3)
FNF:2
FNH:1
FNDA:2,(anonymous_2)
FNDA:0,(anonymous_3)
DA:1,2
DA:7,2
DA:9,2
DA:10,2
DA:14,2
DA:16,2
DA:17,2
DA:21,0
DA:26,0
DA:27,0
DA:30,0
DA:34,0
DA:35,0
DA:38,0
DA:43,0
DA:44,0
DA:47,0
LF:17
LH:7
BRDA:26,0,0,0
BRDA:26,0,1,0
BRDA:26,1,0,0
BRDA:26,1,1,0
BRDA:34,2,0,0
BRDA:34,2,1,0
BRDA:43,3,0,0
BRDA:43,3,1,0
BRDA:43,4,0,0
BRDA:43,4,1,0
BRDA:16,5,0,2
BRDA:16,5,1,0
BRDA:16,6,0,2
BRDA:16,6,1,2
BRDA:16,7,0,2
BRDA:16,7,1,0
BRDA:16,8,0,2
BRDA:16,8,1,2
BRF:18
BRH:6
end_of_record
TN:
SF:src/auth/jwt/jwt.strategy.ts
FN:7,(anonymous_2)
FN:15,(anonymous_3)
FNF:2
FNH:0
FNDA:0,(anonymous_2)
FNDA:0,(anonymous_3)
DA:1,0
DA:2,0
DA:3,0
DA:6,0
DA:8,0
DA:16,0
LF:6
LH:0
BRF:0
BRH:0
end_of_record
TN:
SF:src/calificaciones/calificaciones.controller.ts
FN:25,(anonymous_4)
FN:30,(anonymous_5)
FN:35,(anonymous_6)
FN:40,(anonymous_7)
FN:48,(anonymous_8)
FN:62,(anonymous_9)
FN:70,(anonymous_10)
FN:74,(anonymous_11)
FN:85,(anonymous_12)
FN:88,(anonymous_13)
FN:97,(anonymous_14)
FN:100,(anonymous_15)
FNF:12
FNH:0
FNDA:0,(anonymous_4)
FNDA:0,(anonymous_5)
FNDA:0,(anonymous_6)
FNDA:0,(anonymous_7)
FNDA:0,(anonymous_8)
FNDA:0,(anonymous_9)
FNDA:0,(anonymous_10)
FNDA:0,(anonymous_11)
FNDA:0,(anonymous_12)
FNDA:0,(anonymous_13)
FNDA:0,(anonymous_14)
FNDA:0,(anonymous_15)
DA:1,0
DA:12,0
DA:13,0
DA:14,0
DA:15,0
DA:17,0
DA:18,0
DA:19,0
DA:20,0
DA:24,0
DA:25,0
DA:30,0
DA:31,0
DA:35,0
DA:36,0
DA:40,0
DA:44,0
DA:48,0
DA:53,0
DA:62,0
DA:63,0
DA:69,0
DA:70,0
DA:74,0
DA:79,0
DA:84,0
DA:85,0
DA:88,0
DA:89,0
DA:96,0
DA:97,0
DA:100,0
DA:101,0
LF:33
LH:0
BRDA:30,0,0,0
BRDA:30,0,1,0
BRDA:30,1,0,0
BRDA:30,1,1,0
BRDA:50,2,0,0
BRDA:50,2,1,0
BRDA:50,3,0,0
BRDA:50,3,1,0
BRDA:25,4,0,0
BRDA:25,4,1,0
BRDA:25,5,0,0
BRDA:25,5,1,0
BRDA:76,6,0,0
BRDA:76,6,1,0
BRDA:76,7,0,0
BRDA:76,7,1,0
BRDA:70,8,0,0
BRDA:70,8,1,0
BRDA:70,9,0,0
BRDA:70,9,1,0
BRDA:85,10,0,0
BRDA:85,10,1,0
BRDA:85,11,0,0
BRDA:85,11,1,0
BRDA:97,12,0,0
BRDA:97,12,1,0
BRDA:97,13,0,0
BRDA:97,13,1,0
BRF:28
BRH:0
end_of_record
TN:
SF:src/calificaciones/calificaciones.service.ts
FN:15,(anonymous_2)
FN:17,(anonymous_3)
FN:57,(anonymous_4)
FN:69,(anonymous_5)
FN:89,(anonymous_6)
FN:99,(anonymous_7)
FN:106,(anonymous_8)
FN:119,(anonymous_9)
FN:136,(anonymous_10)
FN:157,(anonymous_11)
FN:176,(anonymous_12)
FN:192,(anonymous_13)
FNF:12
FNH:0
FNDA:0,(anonymous_2)
FNDA:0,(anonymous_3)
FNDA:0,(anonymous_4)
FNDA:0,(anonymous_5)
FNDA:0,(anonymous_6)
FNDA:0,(anonymous_7)
FNDA:0,(anonymous_8)
FNDA:0,(anonymous_9)
FNDA:0,(anonymous_10)
FNDA:0,(anonymous_11)
FNDA:0,(anonymous_12)
FNDA:0,(anonymous_13)
DA:1,0
DA:8,0
DA:14,0
DA:15,0
DA:18,0
DA:26,0
DA:27,0
DA:30,0
DA:31,0
DA:34,0
DA:35,0
DA:38,0
DA:39,0
DA:44,0
DA:58,0
DA:70,0
DA:78,0
DA:85,0
DA:86,0
DA:88,0
DA:89,0
DA:93,0
DA:99,0
DA:106,0
DA:120,0
DA:121,0
DA:127,0
DA:137,0
DA:142,0
DA:143,0
DA:146,0
DA:151,0
DA:154,0
DA:163,0
DA:165,0
DA:166,0
DA:169,0
DA:177,0
DA:179,0
DA:180,0
DA:183,0
DA:187,0
DA:193,0
LF:43
LH:0
BRDA:26,0,0,0
BRDA:26,0,1,0
BRDA:30,1,0,0
BRDA:30,1,1,0
BRDA:34,2,0,0
BRDA:34,2,1,0
BRDA:34,3,0,0
BRDA:34,3,1,0
BRDA:38,4,0,0
BRDA:38,4,1,0
BRDA:88,5,0,0
BRDA:88,5,1,0
BRDA:97,6,0,0
BRDA:97,6,1,0
BRDA:120,7,0,0
BRDA:120,7,1,0
BRDA:142,8,0,0
BRDA:142,8,1,0
BRDA:146,9,0,0
BRDA:146,9,1,0
BRDA:147,10,0,0
BRDA:147,10,1,0
BRDA:147,10,2,0
BRDA:165,11,0,0
BRDA:165,11,1,0
BRDA:165,12,0,0
BRDA:165,12,1,0
BRDA:179,13,0,0
BRDA:179,13,1,0
BRDA:179,14,0,0
BRDA:179,14,1,0
BRDA:15,15,0,0
BRDA:15,15,1,0
BRDA:15,16,0,0
BRDA:15,16,1,0
BRF:35
BRH:0
end_of_record
TN:
SF:src/chats/chats.controller.ts
FN:23,(anonymous_4)
FN:26,(anonymous_5)
FN:31,(anonymous_6)
FN:36,(anonymous_7)
FN:41,(anonymous_8)
FN:46,(anonymous_9)
FN:55,(anonymous_10)
FN:63,(anonymous_11)
FN:66,(anonymous_12)
FN:71,(anonymous_13)
FN:83,(anonymous_14)
FN:97,(anonymous_15)
FNF:12
FNH:0
FNDA:0,(anonymous_4)
FNDA:0,(anonymous_5)
FNDA:0,(anonymous_6)
FNDA:0,(anonymous_7)
FNDA:0,(anonymous_8)
FNDA:0,(anonymous_9)
FNDA:0,(anonymous_10)
FNDA:0,(anonymous_11)
FNDA:0,(anonymous_12)
FNDA:0,(anonymous_13)
FNDA:0,(anonymous_14)
FNDA:0,(anonymous_15)
DA:1,0
DA:11,0
DA:12,0
DA:14,0
DA:15,0
DA:16,0
DA:17,0
DA:18,0
DA:22,0
DA:23,0
DA:26,0
DA:27,0
DA:31,0
DA:32,0
DA:36,0
DA:37,0
DA:41,0
DA:42,0
DA:46,0
DA:51,0
DA:55,0
DA:56,0
DA:62,0
DA:63,0
DA:66,0
DA:67,0
DA:71,0
DA:75,0
DA:83,0
DA:88,0
DA:97,0
DA:98,0
LF:32
LH:0
BRDA:26,0,0,0
BRDA:26,0,1,0
BRDA:26,1,0,0
BRDA:26,1,1,0
BRDA:48,2,0,0
BRDA:48,2,1,0
BRDA:48,3,0,0
BRDA:48,3,1,0
BRDA:23,4,0,0
BRDA:23,4,1,0
BRDA:23,5,0,0
BRDA:23,5,1,0
BRDA:85,6,0,0
BRDA:85,6,1,0
BRDA:85,7,0,0
BRDA:85,7,1,0
BRDA:63,8,0,0
BRDA:63,8,1,0
BRDA:63,9,0,0
BRDA:63,9,1,0
BRF:20
BRH:0
end_of_record
TN:
SF:src/chats/chats.gateway.ts
FN:37,(anonymous_4)
FN:42,(anonymous_5)
FN:62,(anonymous_6)
FN:84,(anonymous_7)
FN:103,(anonymous_8)
FN:107,(anonymous_9)
FN:115,(anonymous_10)
FN:129,(anonymous_11)
FNF:8
FNH:6
FNDA:4,(anonymous_4)
FNDA:2,(anonymous_5)
FNDA:2,(anonymous_6)
FNDA:0,(anonymous_7)
FNDA:0,(anonymous_8)
FNDA:2,(anonymous_9)
FNDA:2,(anonymous_10)
FNDA:1,(anonymous_11)
DA:1,3
DA:9,3
DA:10,3
DA:11,3
DA:13,3
DA:33,3
DA:35,3
DA:38,4
DA:39,4
DA:43,2
DA:44,2
DA:49,1
DA:54,1
DA:55,1
DA:57,1
DA:62,3
DA:66,2
DA:67,2
DA:68,2
DA:69,1
DA:71,1
DA:76,1
DA:77,1
DA:84,3
DA:88,0
DA:89,0
DA:90,0
DA:91,0
DA:93,0
DA:99,0
DA:100,0
DA:104,0
DA:108,2
DA:109,2
DA:110,0
DA:112,2
DA:116,2
DA:117,2
DA:119,2
DA:122,2
DA:123,2
DA:124,0
DA:126,2
DA:130,1
LF:44
LH:34
BRDA:68,0,0,1
BRDA:68,0,1,1
BRDA:90,1,0,0
BRDA:90,1,1,0
BRDA:109,2,0,0
BRDA:109,2,1,2
BRDA:119,3,0,0
BRDA:119,3,1,2
BRDA:119,4,0,2
BRDA:119,4,1,0
BRDA:122,5,0,2
BRDA:122,5,1,0
BRDA:123,6,0,0
BRDA:123,6,1,2
BRDA:35,7,0,3
BRDA:35,7,1,0
BRDA:35,8,0,3
BRDA:35,8,1,3
BRDA:63,9,0,0
BRDA:63,9,1,3
BRDA:63,10,0,3
BRDA:63,10,1,0
BRDA:85,11,0,0
BRDA:85,11,1,3
BRDA:85,12,0,3
BRDA:85,12,1,0
BRDA:38,13,0,3
BRDA:38,13,1,0
BRDA:38,14,0,3
BRDA:38,14,1,3
BRDA:38,15,0,3
BRDA:38,15,1,0
BRDA:38,16,0,3
BRDA:38,16,1,3
BRF:34
BRH:20
end_of_record
TN:
SF:src/chats/chats.service.ts
FN:18,(anonymous_4)
FN:24,(anonymous_5)
FN:44,(anonymous_6)
FN:73,(anonymous_7)
FN:110,(anonymous_8)
FN:116,(anonymous_9)
FN:119,(anonymous_10)
FN:139,(anonymous_11)
FN:148,(anonymous_12)
FN:157,(anonymous_13)
FN:168,(anonymous_14)
FN:186,(anonymous_15)
FN:209,(anonymous_16)
FN:223,(anonymous_17)
FN:241,(anonymous_18)
FN:245,(anonymous_19)
FN:250,(anonymous_20)
FNF:17
FNH:6
FNDA:4,(anonymous_4)
FNDA:1,(anonymous_5)
FNDA:1,(anonymous_6)
FNDA:0,(anonymous_7)
FNDA:0,(anonymous_8)
FNDA:0,(anonymous_9)
FNDA:0,(anonymous_10)
FNDA:0,(anonymous_11)
FNDA:0,(anonymous_12)
FNDA:1,(anonymous_13)
FNDA:0,(anonymous_14)
FNDA:0,(anonymous_15)
FNDA:0,(anonymous_16)
FNDA:2,(anonymous_17)
FNDA:0,(anonymous_18)
FNDA:2,(anonymous_19)
FNDA:0,(anonymous_20)
DA:1,4
DA:6,4
DA:7,4
DA:10,4
DA:14,4
DA:17,4
DA:20,4
DA:21,4
DA:25,1
DA:26,1
DA:27,0
DA:30,1
DA:32,1
DA:36,1
DA:45,1
DA:72,1
DA:74,0
DA:75,0
DA:87,0
DA:90,0
DA:107,1
DA:111,0
DA:112,0
DA:116,0
DA:125,0
DA:127,0
DA:130,0
DA:136,0
DA:140,0
DA:141,0
DA:145,0
DA:150,0
DA:154,0
DA:158,1
DA:159,1
DA:160,1
DA:163,0
DA:165,0
DA:169,0
DA:171,0
DA:172,0
DA:175,0
DA:180,0
DA:183,0
DA:192,0
DA:194,0
DA:195,0
DA:198,0
DA:202,0
DA:203,0
DA:206,0
DA:210,0
DA:212,0
DA:213,0
DA:216,0
DA:218,0
DA:224,2
DA:228,2
DA:229,0
DA:231,2
DA:236,1
DA:238,1
DA:242,0
DA:246,2
DA:247,2
DA:251,0
LF:66
LH:26
BRDA:26,0,0,0
BRDA:26,0,1,1
BRDA:32,1,0,1
BRDA:32,1,1,0
BRDA:47,2,0,0
BRDA:47,2,1,1
BRDA:87,3,0,0
BRDA:87,3,1,0
BRDA:97,4,0,0
BRDA:97,4,1,0
BRDA:98,5,0,0
BRDA:98,5,1,0
BRDA:101,6,0,0
BRDA:101,6,1,0
BRDA:102,7,0,0
BRDA:102,7,1,0
BRDA:127,8,0,0
BRDA:127,8,1,0
BRDA:150,9,0,0
BRDA:150,9,1,0
BRDA:159,10,0,1
BRDA:159,10,1,0
BRDA:171,11,0,0
BRDA:171,11,1,0
BRDA:175,12,0,0
BRDA:175,12,1,0
BRDA:176,13,0,0
BRDA:176,13,1,0
BRDA:176,13,2,0
BRDA:194,14,0,0
BRDA:194,14,1,0
BRDA:194,15,0,0
BRDA:194,15,1,0
BRDA:202,16,0,0
BRDA:202,16,1,0
BRDA:212,17,0,0
BRDA:212,17,1,0
BRDA:212,18,0,0
BRDA:212,18,1,0
BRDA:228,19,0,0
BRDA:228,19,1,2
BRDA:231,20,0,1
BRDA:231,20,1,1
BRDA:232,21,0,2
BRDA:232,21,1,2
BRDA:232,21,2,1
BRDA:247,22,0,1
BRDA:247,22,1,1
BRDA:257,23,0,0
BRDA:257,23,1,0
BRDA:20,24,0,4
BRDA:20,24,1,0
BRDA:20,25,0,4
BRDA:20,25,1,4
BRDA:20,26,0,4
BRDA:20,26,1,0
BRDA:20,27,0,4
BRDA:20,27,1,4
BRF:58
BRH:18
end_of_record
TN:
SF:src/common/middleware/correlation-id.middleware.ts
FN:17,(anonymous_1)
FNF:1
FNH:0
FNDA:0,(anonymous_1)
DA:1,0
DA:3,0
DA:5,0
DA:16,0
DA:19,0
DA:22,0
DA:25,0
DA:27,0
LF:8
LH:0
BRDA:19,0,0,0
BRDA:19,0,1,0
BRF:2
BRH:0
end_of_record
TN:
SF:src/dashboard/dashboard.controller.ts
FN:12,(anonymous_4)
FN:16,(anonymous_5)
FN:22,(anonymous_6)
FN:31,(anonymous_7)
FN:34,(anonymous_8)
FN:43,(anonymous_9)
FNF:6
FNH:0
FNDA:0,(anonymous_4)
FNDA:0,(anonymous_5)
FNDA:0,(anonymous_6)
FNDA:0,(anonymous_7)
FNDA:0,(anonymous_8)
FNDA:0,(anonymous_9)
DA:1,0
DA:2,0
DA:3,0
DA:4,0
DA:5,0
DA:7,0
DA:11,0
DA:12,0
DA:16,0
DA:17,0
DA:22,0
DA:23,0
DA:30,0
DA:31,0
DA:34,0
DA:39,0
DA:43,0
DA:44,0
LF:18
LH:0
BRDA:12,0,0,0
BRDA:12,0,1,0
BRDA:12,1,0,0
BRDA:12,1,1,0
BRDA:31,2,0,0
BRDA:31,2,1,0
BRDA:31,3,0,0
BRDA:31,3,1,0
BRF:8
BRH:0
end_of_record
TN:
SF:src/dashboard/dashboard.service.ts
FN:6,(anonymous_2)
FN:8,(anonymous_3)
FN:34,(anonymous_4)
FN:40,(anonymous_5)
FN:46,(anonymous_6)
FN:50,(anonymous_7)
FN:59,(anonymous_8)
FN:71,(anonymous_9)
FN:77,(anonymous_10)
FN:79,(anonymous_11)
FN:83,(anonymous_12)
FN:91,(anonymous_13)
FN:108,(anonymous_14)
FN:111,(anonymous_15)
FN:119,(anonymous_16)
FN:138,(anonymous_17)
FNF:16
FNH:6
FNDA:1,(anonymous_2)
FNDA:1,(anonymous_3)
FNDA:0,(anonymous_4)
FNDA:0,(anonymous_5)
FNDA:0,(anonymous_6)
FNDA:0,(anonymous_7)
FNDA:0,(anonymous_8)
FNDA:0,(anonymous_9)
FNDA:0,(anonymous_10)
FNDA:0,(anonymous_11)
FNDA:0,(anonymous_12)
FNDA:1,(anonymous_13)
FNDA:1,(anonymous_14)
FNDA:1,(anonymous_15)
FNDA:0,(anonymous_16)
FNDA:2,(anonymous_17)
DA:1,1
DA:2,1
DA:5,1
DA:6,1
DA:9,1
DA:10,1
DA:33,1
DA:35,0
DA:40,0
DA:47,0
DA:50,0
DA:60,0
DA:70,0
DA:71,0
DA:75,0
DA:77,0
DA:80,0
DA:83,0
DA:92,1
DA:93,1
DA:94,1
DA:103,1
DA:104,1
DA:105,1
DA:106,1
DA:108,1
DA:110,1
DA:111,1
DA:120,0
DA:135,0
DA:139,2
DA:140,2
LF:32
LH:19
BRDA:42,0,0,1
BRDA:42,0,1,0
BRDA:47,1,0,0
BRDA:47,1,1,0
BRDA:52,2,0,0
BRDA:52,2,1,0
BRDA:70,3,0,0
BRDA:70,3,1,0
BRDA:92,4,0,0
BRDA:92,4,1,1
BRDA:93,5,0,0
BRDA:93,5,1,1
BRDA:106,6,0,1
BRDA:106,6,1,1
BRDA:6,7,0,1
BRDA:6,7,1,0
BRDA:6,8,0,1
BRDA:6,8,1,1
BRF:18
BRH:8
end_of_record
TN:
SF:src/favorites/favorites.controller.ts
FN:21,(anonymous_4)
FN:24,(anonymous_5)
FN:29,(anonymous_6)
FN:37,(anonymous_7)
FNF:4
FNH:0
FNDA:0,(anonymous_4)
FNDA:0,(anonymous_5)
FNDA:0,(anonymous_6)
FNDA:0,(anonymous_7)
DA:1,0
DA:10,0
DA:11,0
DA:12,0
DA:13,0
DA:15,0
DA:20,0
DA:21,0
DA:24,0
DA:25,0
DA:29,0
DA:33,0
DA:37,0
DA:41,0
LF:14
LH:0
BRDA:21,0,0,0
BRDA:21,0,1,0
BRDA:21,1,0,0
BRDA:21,1,1,0
BRF:4
BRH:0
end_of_record
TN:
SF:src/favorites/favorites.service.ts
FN:10,(anonymous_2)
FN:12,(anonymous_3)
FN:34,(anonymous_4)
FN:35,(anonymous_5)
FN:52,(anonymous_6)
FN:63,(anonymous_7)
FN:87,(anonymous_8)
FNF:7
FNH:0
FNDA:0,(anonymous_2)
FNDA:0,(anonymous_3)
FNDA:0,(anonymous_4)
FNDA:0,(anonymous_5)
FNDA:0,(anonymous_6)
FNDA:0,(anonymous_7)
FNDA:0,(anonymous_8)
DA:1,0
DA:6,0
DA:9,0
DA:10,0
DA:13,0
DA:32,0
DA:34,0
DA:36,0
DA:37,0
DA:38,0
DA:52,0
DA:64,0
DA:67,0
DA:68,0
DA:70,0
DA:71,0
DA:74,0
DA:84,0
DA:88,0
DA:91,0
LF:20
LH:0
BRDA:44,0,0,0
BRDA:44,0,1,0
BRDA:48,1,0,0
BRDA:48,1,1,0
BRDA:51,2,0,0
BRDA:51,2,1,0
BRDA:67,3,0,0
BRDA:67,3,1,0
BRDA:70,4,0,0
BRDA:70,4,1,0
BRDA:10,5,0,0
BRDA:10,5,1,0
BRDA:10,6,0,0
BRDA:10,6,1,0
BRF:14
BRH:0
end_of_record
TN:
SF:src/logs/logs.controller.ts
FN:20,(anonymous_4)
FN:23,(anonymous_5)
FN:28,(anonymous_6)
FN:33,(anonymous_7)
FN:38,(anonymous_8)
FNF:5
FNH:0
FNDA:0,(anonymous_4)
FNDA:0,(anonymous_5)
FNDA:0,(anonymous_6)
FNDA:0,(anonymous_7)
FNDA:0,(anonymous_8)
DA:1,0
DA:10,0
DA:11,0
DA:12,0
DA:13,0
DA:14,0
DA:19,0
DA:20,0
DA:23,0
DA:24,0
DA:28,0
DA:29,0
DA:33,0
DA:34,0
DA:38,0
DA:39,0
LF:16
LH:0
BRDA:23,0,0,0
BRDA:23,0,1,0
BRDA:23,1,0,0
BRDA:23,1,1,0
BRDA:20,2,0,0
BRDA:20,2,1,0
BRDA:20,3,0,0
BRDA:20,3,1,0
BRF:8
BRH:0
end_of_record
TN:
SF:src/logs/logs.service.ts
FN:9,(anonymous_4)
FN:14,(anonymous_5)
FN:18,(anonymous_6)
FN:22,(anonymous_7)
FN:32,(anonymous_8)
FNF:5
FNH:5
FNDA:7,(anonymous_4)
FNDA:2,(anonymous_5)
FNDA:1,(anonymous_6)
FNDA:4,(anonymous_7)
FNDA:2,(anonymous_8)
DA:1,1
DA:2,1
DA:3,1
DA:5,1
DA:8,1
DA:11,7
DA:15,2
DA:19,1
DA:23,4
DA:25,4
DA:26,2
DA:29,2
DA:33,2
DA:34,1
DA:36,1
LF:15
LH:15
BRDA:25,0,0,2
BRDA:25,0,1,2
BRDA:11,1,0,1
BRDA:11,1,1,0
BRDA:11,2,0,1
BRDA:11,2,1,1
BRF:6
BRH:5
end_of_record
TN:
SF:src/notifications/notifications.controller.ts
FN:23,(anonymous_4)
FN:28,(anonymous_5)
FN:33,(anonymous_6)
FN:38,(anonymous_7)
FN:43,(anonymous_8)
FN:52,(anonymous_9)
FNF:6
FNH:0
FNDA:0,(anonymous_4)
FNDA:0,(anonymous_5)
FNDA:0,(anonymous_6)
FNDA:0,(anonymous_7)
FNDA:0,(anonymous_8)
FNDA:0,(anonymous_9)
DA:1,0
DA:11,0
DA:12,0
DA:13,0
DA:14,0
DA:16,0
DA:17,0
DA:18,0
DA:22,0
DA:23,0
DA:28,0
DA:29,0
DA:33,0
DA:34,0
DA:38,0
DA:39,0
DA:43,0
DA:48,0
DA:52,0
DA:53,0
LF:20
LH:0
BRDA:28,0,0,0
BRDA:28,0,1,0
BRDA:28,1,0,0
BRDA:28,1,1,0
BRDA:45,2,0,0
BRDA:45,2,1,0
BRDA:45,3,0,0
BRDA:45,3,1,0
BRDA:23,4,0,0
BRDA:23,4,1,0
BRDA:23,5,0,0
BRDA:23,5,1,0
BRF:12
BRH:0
end_of_record
TN:
SF:src/notifications/notifications.service.ts
FN:17,(anonymous_4)
FN:22,(anonymous_5)
FN:26,(anonymous_6)
FN:31,(anonymous_7)
FN:45,(anonymous_8)
FN:64,(anonymous_9)
FNF:6
FNH:0
FNDA:0,(anonymous_4)
FNDA:0,(anonymous_5)
FNDA:0,(anonymous_6)
FNDA:0,(anonymous_7)
FNDA:0,(anonymous_8)
FNDA:0,(anonymous_9)
DA:1,2
DA:6,2
DA:7,2
DA:10,2
DA:16,2
DA:19,0
DA:23,0
DA:27,0
DA:28,0
DA:32,0
DA:34,0
DA:35,0
DA:38,0
DA:39,0
DA:42,0
DA:51,0
DA:53,0
DA:57,0
DA:58,0
DA:61,0
DA:65,0
DA:66,0
DA:68,0
LF:23
LH:5
BRDA:27,0,0,0
BRDA:27,0,1,0
BRDA:34,1,0,0
BRDA:34,1,1,0
BRDA:38,2,0,0
BRDA:38,2,1,0
BRDA:38,3,0,0
BRDA:38,3,1,0
BRDA:57,4,0,0
BRDA:57,4,1,0
BRDA:19,5,0,2
BRDA:19,5,1,0
BRDA:19,6,0,2
BRDA:19,6,1,2
BRF:14
BRH:3
end_of_record
TN:
SF:src/pagos/pagos.controller.ts
FN:25,(anonymous_4)
FN:30,(anonymous_5)
FN:35,(anonymous_6)
FN:40,(anonymous_7)
FN:48,(anonymous_8)
FN:57,(anonymous_9)
FN:65,(anonymous_10)
FN:68,(anonymous_11)
FN:77,(anonymous_12)
FN:87,(anonymous_13)
FNF:10
FNH:0
FNDA:0,(anonymous_4)
FNDA:0,(anonymous_5)
FNDA:0,(anonymous_6)
FNDA:0,(anonymous_7)
FNDA:0,(anonymous_8)
FNDA:0,(anonymous_9)
FNDA:0,(anonymous_10)
FNDA:0,(anonymous_11)
FNDA:0,(anonymous_12)
FNDA:0,(anonymous_13)
DA:1,0
DA:12,0
DA:13,0
DA:14,0
DA:15,0
DA:17,0
DA:18,0
DA:19,0
DA:20,0
DA:24,0
DA:25,0
DA:30,0
DA:31,0
DA:35,0
DA:36,0
DA:40,0
DA:44,0
DA:48,0
DA:53,0
DA:57,0
DA:58,0
DA:64,0
DA:65,0
DA:68,0
DA:72,0
DA:77,0
DA:82,0
DA:87,0
DA:91,0
LF:29
LH:0
BRDA:30,0,0,0
BRDA:30,0,1,0
BRDA:30,1,0,0
BRDA:30,1,1,0
BRDA:50,2,0,0
BRDA:50,2,1,0
BRDA:50,3,0,0
BRDA:50,3,1,0
BRDA:25,4,0,0
BRDA:25,4,1,0
BRDA:25,5,0,0
BRDA:25,5,1,0
BRDA:79,6,0,0
BRDA:79,6,1,0
BRDA:79,7,0,0
BRDA:79,7,1,0
BRDA:65,8,0,0
BRDA:65,8,1,0
BRDA:65,9,0,0
BRDA:65,9,1,0
BRF:20
BRH:0
end_of_record
TN:
SF:src/pagos/pagos.service.ts
FN:17,(anonymous_2)
FN:23,(anonymous_3)
FN:32,(anonymous_4)
FN:52,(anonymous_5)
FN:73,(anonymous_6)
FN:101,(anonymous_7)
FN:127,(anonymous_8)
FN:148,(anonymous_9)
FN:177,(anonymous_10)
FN:193,(anonymous_11)
FN:220,(anonymous_12)
FN:240,(anonymous_13)
FN:252,(anonymous_14)
FN:272,(anonymous_15)
FNF:14
FNH:8
FNDA:4,(anonymous_2)
FNDA:1,(anonymous_3)
FNDA:3,(anonymous_4)
FNDA:0,(anonymous_5)
FNDA:1,(anonymous_6)
FNDA:0,(anonymous_7)
FNDA:0,(anonymous_8)
FNDA:0,(anonymous_9)
FNDA:0,(anonymous_10)
FNDA:0,(anonymous_11)
FNDA:4,(anonymous_12)
FNDA:1,(anonymous_13)
FNDA:3,(anonymous_14)
FNDA:5,(anonymous_15)
DA:1,1
DA:8,1
DA:9,1
DA:10,1
DA:16,1
DA:18,4
DA:19,4
DA:20,4
DA:24,1
DA:25,1
DA:37,3
DA:38,1
DA:39,0
DA:41,1
DA:49,1
DA:53,0
DA:57,0
DA:58,0
DA:60,0
DA:65,0
DA:67,0
DA:68,0
DA:70,0
DA:74,1
DA:75,1
DA:76,0
DA:78,1
DA:79,0
DA:81,1
DA:82,0
DA:84,1
DA:88,1
DA:93,1
DA:98,1
DA:102,0
DA:103,0
DA:109,0
DA:128,0
DA:133,0
DA:134,0
DA:137,0
DA:142,0
DA:145,0
DA:149,0
DA:151,0
DA:152,0
DA:155,0
DA:159,0
DA:163,0
DA:174,0
DA:178,0
DA:180,0
DA:181,0
DA:184,0
DA:188,0
DA:194,0
DA:221,4
DA:225,4
DA:226,1
DA:228,3
DA:233,1
DA:237,2
DA:245,1
DA:261,3
DA:273,5
DA:279,5
LF:66
LH:32
BRDA:27,0,0,1
BRDA:27,0,1,0
BRDA:38,1,0,0
BRDA:38,1,1,1
BRDA:57,2,0,0
BRDA:57,2,1,0
BRDA:60,3,0,0
BRDA:60,3,1,0
BRDA:61,4,0,0
BRDA:61,4,1,0
BRDA:61,4,2,0
BRDA:67,5,0,0
BRDA:67,5,1,0
BRDA:75,6,0,0
BRDA:75,6,1,1
BRDA:78,7,0,0
BRDA:78,7,1,1
BRDA:81,8,0,0
BRDA:81,8,1,1
BRDA:102,9,0,0
BRDA:102,9,1,0
BRDA:133,10,0,0
BRDA:133,10,1,0
BRDA:137,11,0,0
BRDA:137,11,1,0
BRDA:138,12,0,0
BRDA:138,12,1,0
BRDA:138,12,2,0
BRDA:151,13,0,0
BRDA:151,13,1,0
BRDA:151,14,0,0
BRDA:151,14,1,0
BRDA:155,15,0,0
BRDA:155,15,1,0
BRDA:156,16,0,0
BRDA:156,16,1,0
BRDA:156,16,2,0
BRDA:156,16,3,0
BRDA:166,17,0,0
BRDA:166,17,1,0
BRDA:170,18,0,0
BRDA:170,18,1,0
BRDA:180,19,0,0
BRDA:180,19,1,0
BRDA:180,20,0,0
BRDA:180,20,1,0
BRDA:225,21,0,1
BRDA:225,21,1,3
BRDA:228,22,0,1
BRDA:228,22,1,2
BRDA:246,23,0,1
BRDA:246,23,1,1
BRDA:246,23,2,0
BRDA:279,24,0,5
BRDA:279,24,1,5
BRDA:18,25,0,1
BRDA:18,25,1,0
BRDA:18,26,0,1
BRDA:18,26,1,1
BRDA:18,27,0,1
BRDA:18,27,1,0
BRDA:18,28,0,1
BRDA:18,28,1,1
BRDA:19,29,0,1
BRDA:19,29,1,0
BRDA:19,30,0,1
BRDA:19,30,1,1
BRF:67
BRH:22
end_of_record
TN:
SF:src/services/services.controller.ts
FN:28,(anonymous_4)
FN:33,(anonymous_5)
FN:38,(anonymous_6)
FN:43,(anonymous_7)
FN:50,(anonymous_8)
FN:61,(anonymous_9)
FN:68,(anonymous_10)
FN:71,(anonymous_11)
FNF:8
FNH:1
FNDA:1,(anonymous_4)
FNDA:0,(anonymous_5)
FNDA:0,(anonymous_6)
FNDA:0,(anonymous_7)
FNDA:0,(anonymous_8)
FNDA:0,(anonymous_9)
FNDA:0,(anonymous_10)
FNDA:0,(anonymous_11)
DA:1,1
DA:14,1
DA:15,1
DA:16,1
DA:17,1
DA:20,1
DA:22,1
DA:23,1
DA:24,1
DA:27,1
DA:28,1
DA:33,1
DA:34,0
DA:38,1
DA:39,0
DA:43,1
DA:44,0
DA:50,1
DA:55,0
DA:61,1
DA:62,0
DA:67,1
DA:68,0
DA:71,1
DA:72,0
LF:25
LH:18
BRDA:33,0,0,1
BRDA:33,0,1,0
BRDA:33,1,0,1
BRDA:33,1,1,1
BRDA:38,2,0,1
BRDA:38,2,1,0
BRDA:38,3,0,1
BRDA:38,3,1,1
BRDA:52,4,0,1
BRDA:52,4,1,0
BRDA:52,5,0,1
BRDA:52,5,1,1
BRDA:28,6,0,1
BRDA:28,6,1,0
BRDA:28,7,0,1
BRDA:28,7,1,1
BRDA:68,8,0,1
BRDA:68,8,1,0
BRDA:68,9,0,1
BRDA:68,9,1,1
BRF:20
BRH:15
end_of_record
TN:
SF:src/services/services.service.ts
FN:15,(anonymous_2)
FN:17,(anonymous_3)
FN:39,(anonymous_4)
FN:108,(anonymous_5)
FN:110,(anonymous_6)
FN:118,(anonymous_7)
FN:121,(anonymous_8)
FN:126,(anonymous_9)
FN:146,(anonymous_10)
FN:164,(anonymous_11)
FN:172,(anonymous_12)
FN:201,(anonymous_13)
FN:241,(anonymous_14)
FN:263,(anonymous_15)
FN:292,(anonymous_16)
FN:333,(anonymous_17)
FN:334,(anonymous_18)
FNF:17
FNH:1
FNDA:1,(anonymous_2)
FNDA:0,(anonymous_3)
FNDA:0,(anonymous_4)
FNDA:0,(anonymous_5)
FNDA:0,(anonymous_6)
FNDA:0,(anonymous_7)
FNDA:0,(anonymous_8)
FNDA:0,(anonymous_9)
FNDA:0,(anonymous_10)
FNDA:0,(anonymous_11)
FNDA:0,(anonymous_12)
FNDA:0,(anonymous_13)
FNDA:0,(anonymous_14)
FNDA:0,(anonymous_15)
FNDA:0,(anonymous_16)
FNDA:0,(anonymous_17)
FNDA:0,(anonymous_18)
DA:1,2
DA:7,2
DA:14,2
DA:15,1
DA:18,0
DA:40,0
DA:87,0
DA:107,0
DA:108,0
DA:111,0
DA:117,0
DA:118,0
DA:119,0
DA:120,0
DA:122,0
DA:125,0
DA:126,0
DA:127,0
DA:135,0
DA:147,0
DA:163,0
DA:164,0
DA:173,0
DA:184,0
DA:185,0
DA:188,0
DA:207,0
DA:211,0
DA:212,0
DA:215,0
DA:216,0
DA:219,0
DA:242,0
DA:246,0
DA:247,0
DA:250,0
DA:251,0
DA:254,0
DA:258,0
DA:289,0
DA:290,0
DA:292,0
DA:298,0
DA:310,0
DA:334,0
DA:335,0
DA:336,0
DA:338,0
DA:342,0
LF:49
LH:4
BRDA:41,0,0,0
BRDA:41,0,1,0
BRDA:67,1,0,0
BRDA:67,1,1,0
BRDA:68,2,0,0
BRDA:68,2,1,0
BRDA:69,3,0,0
BRDA:69,3,1,0
BRDA:69,4,0,0
BRDA:69,4,1,0
BRDA:73,5,0,0
BRDA:73,5,1,0
BRDA:77,6,0,0
BRDA:77,6,1,0
BRDA:77,7,0,0
BRDA:77,7,1,0
BRDA:93,8,0,0
BRDA:93,8,1,0
BRDA:95,9,0,0
BRDA:95,9,1,0
BRDA:111,10,0,0
BRDA:111,10,1,0
BRDA:111,10,2,0
BRDA:111,10,3,0
BRDA:111,10,4,0
BRDA:117,11,0,0
BRDA:117,11,1,0
BRDA:119,12,0,0
BRDA:119,12,1,0
BRDA:122,13,0,0
BRDA:122,13,1,0
BRDA:123,14,0,0
BRDA:123,14,1,0
BRDA:125,15,0,0
BRDA:125,15,1,0
BRDA:127,16,0,0
BRDA:127,16,1,0
BRDA:129,17,0,0
BRDA:129,17,1,0
BRDA:184,18,0,0
BRDA:184,18,1,0
BRDA:211,19,0,0
BRDA:211,19,1,0
BRDA:215,20,0,0
BRDA:215,20,1,0
BRDA:215,21,0,0
BRDA:215,21,1,0
BRDA:246,22,0,0
BRDA:246,22,1,0
BRDA:250,23,0,0
BRDA:250,23,1,0
BRDA:250,24,0,0
BRDA:250,24,1,0
BRDA:290,25,0,0
BRDA:290,25,1,0
BRDA:298,26,0,0
BRDA:298,26,1,0
BRDA:298,27,0,0
BRDA:298,27,1,0
BRDA:298,27,2,0
BRDA:298,27,3,0
BRDA:316,28,0,0
BRDA:316,28,1,0
BRDA:321,29,0,0
BRDA:321,29,1,0
BRDA:323,30,0,0
BRDA:323,30,1,0
BRDA:323,31,0,0
BRDA:323,31,1,0
BRDA:15,32,0,2
BRDA:15,32,1,0
BRDA:15,33,0,2
BRDA:15,33,1,2
BRF:73
BRH:3
end_of_record
TN:
SF:src/solicitudes/solicitudes.controller.ts
FN:30,(anonymous_4)
FN:35,(anonymous_5)
FN:40,(anonymous_6)
FN:45,(anonymous_7)
FN:53,(anonymous_8)
FN:62,(anonymous_9)
FN:70,(anonymous_10)
FN:74,(anonymous_11)
FN:80,(anonymous_12)
FN:85,(anonymous_13)
FN:94,(anonymous_14)
FN:100,(anonymous_15)
FN:110,(anonymous_16)
FN:122,(anonymous_17)
FN:125,(anonymous_18)
FN:130,(anonymous_19)
FN:135,(anonymous_20)
FN:144,(anonymous_21)
FN:157,(anonymous_22)
FN:162,(anonymous_23)
FN:175,(anonymous_24)
FNF:21
FNH:0
FNDA:0,(anonymous_4)
FNDA:0,(anonymous_5)
FNDA:0,(anonymous_6)
FNDA:0,(anonymous_7)
FNDA:0,(anonymous_8)
FNDA:0,(anonymous_9)
FNDA:0,(anonymous_10)
FNDA:0,(anonymous_11)
FNDA:0,(anonymous_12)
FNDA:0,(anonymous_13)
FNDA:0,(anonymous_14)
FNDA:0,(anonymous_15)
FNDA:0,(anonymous_16)
FNDA:0,(anonymous_17)
FNDA:0,(anonymous_18)
FNDA:0,(anonymous_19)
FNDA:0,(anonymous_20)
FNDA:0,(anonymous_21)
FNDA:0,(anonymous_22)
FNDA:0,(anonymous_23)
FNDA:0,(anonymous_24)
DA:1,0
DA:12,0
DA:13,0
DA:14,0
DA:15,0
DA:17,0
DA:18,0
DA:19,0
DA:20,0
DA:24,0
DA:25,0
DA:29,0
DA:30,0
DA:35,0
DA:36,0
DA:40,0
DA:41,0
DA:45,0
DA:49,0
DA:53,0
DA:58,0
DA:62,0
DA:63,0
DA:69,0
DA:70,0
DA:74,0
DA:75,0
DA:80,0
DA:81,0
DA:85,0
DA:89,0
DA:94,0
DA:95,0
DA:100,0
DA:105,0
DA:110,0
DA:114,0
DA:121,0
DA:122,0
DA:125,0
DA:126,0
DA:130,0
DA:131,0
DA:135,0
DA:140,0
DA:144,0
DA:149,0
DA:157,0
DA:158,0
DA:162,0
DA:167,0
DA:175,0
DA:176,0
LF:53
LH:0
BRDA:35,0,0,0
BRDA:35,0,1,0
BRDA:35,1,0,0
BRDA:35,1,1,0
BRDA:55,2,0,0
BRDA:55,2,1,0
BRDA:55,3,0,0
BRDA:55,3,1,0
BRDA:30,4,0,0
BRDA:30,4,1,0
BRDA:30,5,0,0
BRDA:30,5,1,0
BRDA:74,6,0,0
BRDA:74,6,1,0
BRDA:74,7,0,0
BRDA:74,7,1,0
BRDA:102,8,0,0
BRDA:102,8,1,0
BRDA:102,9,0,0
BRDA:102,9,1,0
BRDA:70,10,0,0
BRDA:70,10,1,0
BRDA:70,11,0,0
BRDA:70,11,1,0
BRDA:137,12,0,0
BRDA:137,12,1,0
BRDA:137,13,0,0
BRDA:137,13,1,0
BRDA:146,14,0,0
BRDA:146,14,1,0
BRDA:146,15,0,0
BRDA:146,15,1,0
BRDA:164,16,0,0
BRDA:164,16,1,0
BRDA:164,17,0,0
BRDA:164,17,1,0
BRDA:122,18,0,0
BRDA:122,18,1,0
BRDA:122,19,0,0
BRDA:122,19,1,0
BRF:40
BRH:0
end_of_record
TN:
SF:src/solicitudes/solicitudes.service.ts
FN:19,(anonymous_2)
FN:25,(anonymous_3)
FN:46,(anonymous_4)
FN:112,(anonymous_5)
FN:120,(anonymous_6)
FN:124,(anonymous_7)
FN:135,(anonymous_8)
FN:139,(anonymous_9)
FN:150,(anonymous_10)
FN:154,(anonymous_11)
FN:158,(anonymous_12)
FN:163,(anonymous_13)
FN:186,(anonymous_14)
FN:187,(anonymous_15)
FN:219,(anonymous_16)
FN:249,(anonymous_17)
FN:288,(anonymous_18)
FN:313,(anonymous_19)
FN:343,(anonymous_20)
FN:364,(anonymous_21)
FN:387,(anonymous_22)
FN:391,(anonymous_23)
FN:412,(anonymous_24)
FN:457,(anonymous_25)
FN:473,(anonymous_26)
FN:503,(anonymous_27)
FN:520,(anonymous_28)
FN:529,(anonymous_29)
FN:540,(anonymous_30)
FN:652,(anonymous_31)
FN:663,(anonymous_32)
FN:671,(anonymous_33)
FN:700,(anonymous_34)
FN:713,(anonymous_35)
FN:723,(anonymous_36)
FNF:35
FNH:14
FNDA:5,(anonymous_2)
FNDA:0,(anonymous_3)
FNDA:2,(anonymous_4)
FNDA:0,(anonymous_5)
FNDA:0,(anonymous_6)
FNDA:0,(anonymous_7)
FNDA:0,(anonymous_8)
FNDA:0,(anonymous_9)
FNDA:0,(anonymous_10)
FNDA:0,(anonymous_11)
FNDA:0,(anonymous_12)
FNDA:0,(anonymous_13)
FNDA:2,(anonymous_14)
FNDA:2,(anonymous_15)
FNDA:0,(anonymous_16)
FNDA:1,(anonymous_17)
FNDA:0,(anonymous_18)
FNDA:0,(anonymous_19)
FNDA:0,(anonymous_20)
FNDA:0,(anonymous_21)
FNDA:0,(anonymous_22)
FNDA:0,(anonymous_23)
FNDA:0,(anonymous_24)
FNDA:0,(anonymous_25)
FNDA:5,(anonymous_26)
FNDA:2,(anonymous_27)
FNDA:0,(anonymous_28)
FNDA:2,(anonymous_29)
FNDA:2,(anonymous_30)
FNDA:1,(anonymous_31)
FNDA:2,(anonymous_32)
FNDA:2,(anonymous_33)
FNDA:2,(anonymous_34)
FNDA:0,(anonymous_35)
FNDA:2,(anonymous_36)
DA:1,1
DA:9,1
DA:10,1
DA:11,1
DA:18,1
DA:20,5
DA:21,5
DA:22,5
DA:26,0
DA:30,0
DA:31,0
DA:34,0
DA:43,0
DA:47,2
DA:49,1
DA:50,0
DA:55,1
DA:66,1
DA:67,0
DA:70,1
DA:71,0
DA:74,1
DA:79,1
DA:80,0
DA:83,1
DA:99,1
DA:104,1
DA:109,1
DA:113,0
DA:119,0
DA:120,0
DA:125,0
DA:134,0
DA:135,0
DA:140,0
DA:149,0
DA:150,0
DA:155,0
DA:159,0
DA:160,0
DA:164,0
DA:169,0
DA:170,0
DA:173,0
DA:174,0
DA:177,0
DA:178,0
DA:183,0
DA:187,2
DA:188,2
DA:189,2
DA:194,2
DA:195,0
DA:198,2
DA:199,1
DA:205,1
DA:210,1
DA:211,1
DA:216,1
DA:220,0
DA:221,0
DA:222,0
DA:225,0
DA:235,0
DA:240,0
DA:241,0
DA:246,0
DA:254,1
DA:255,0
DA:256,0
DA:260,0
DA:261,0
DA:272,0
DA:277,0
DA:285,0
DA:289,0
DA:290,0
DA:291,0
DA:295,0
DA:296,0
DA:301,0
DA:306,0
DA:310,0
DA:314,0
DA:315,0
DA:320,0
DA:322,0
DA:331,0
DA:336,0
DA:340,0
DA:344,0
DA:345,0
DA:351,0
DA:352,0
DA:355,0
DA:356,0
DA:361,0
DA:365,0
DA:366,0
DA:372,0
DA:386,0
DA:387,0
DA:392,0
DA:397,0
DA:398,0
DA:401,0
DA:406,0
DA:409,0
DA:418,0
DA:420,0
DA:425,0
DA:428,0
DA:431,0
DA:432,0
DA:433,0
DA:435,0
DA:445,0
DA:449,0
DA:454,0
DA:458,0
DA:460,0
DA:461,0
DA:464,0
DA:468,0
DA:474,5
DA:508,2
DA:513,2
DA:514,0
DA:517,2
DA:521,0
DA:526,0
DA:530,2
DA:537,2
DA:592,2
DA:596,2
DA:653,1
DA:657,1
DA:658,1
DA:660,0
DA:664,2
DA:665,2
DA:666,1
DA:668,1
DA:680,2
DA:681,0
DA:685,2
DA:698,2
DA:699,2
DA:700,2
DA:701,2
DA:702,2
DA:703,2
DA:705,2
DA:706,1
DA:714,0
DA:720,0
DA:724,2
LF:157
LH:56
BRDA:30,0,0,0
BRDA:30,0,1,0
BRDA:49,1,0,0
BRDA:49,1,1,1
BRDA:49,2,0,1
BRDA:49,2,1,0
BRDA:56,3,0,1
BRDA:56,3,1,0
BRDA:66,4,0,0
BRDA:66,4,1,1
BRDA:66,5,0,1
BRDA:66,5,1,1
BRDA:66,5,2,1
BRDA:70,6,0,0
BRDA:70,6,1,1
BRDA:74,7,0,0
BRDA:74,7,1,1
BRDA:79,8,0,0
BRDA:79,8,1,1
BRDA:79,9,0,1
BRDA:79,9,1,0
BRDA:87,10,0,1
BRDA:87,10,1,1
BRDA:90,11,0,1
BRDA:90,11,1,1
BRDA:92,12,0,1
BRDA:92,12,1,1
BRDA:169,13,0,0
BRDA:169,13,1,0
BRDA:169,14,0,0
BRDA:169,14,1,0
BRDA:173,15,0,0
BRDA:173,15,1,0
BRDA:194,16,0,0
BRDA:194,16,1,2
BRDA:221,17,0,0
BRDA:221,17,1,0
BRDA:229,18,0,0
BRDA:229,18,1,0
BRDA:230,19,0,0
BRDA:230,19,1,0
BRDA:238,20,0,0
BRDA:238,20,1,0
BRDA:255,21,0,0
BRDA:255,21,1,0
BRDA:266,22,0,0
BRDA:266,22,1,0
BRDA:290,23,0,0
BRDA:290,23,1,0
BRDA:315,24,0,0
BRDA:315,24,1,0
BRDA:316,25,0,0
BRDA:316,25,1,0
BRDA:316,25,2,0
BRDA:351,26,0,0
BRDA:351,26,1,0
BRDA:365,27,0,0
BRDA:365,27,1,0
BRDA:397,28,0,0
BRDA:397,28,1,0
BRDA:401,29,0,0
BRDA:401,29,1,0
BRDA:402,30,0,0
BRDA:402,30,1,0
BRDA:402,30,2,0
BRDA:420,31,0,0
BRDA:420,31,1,0
BRDA:421,32,0,0
BRDA:421,32,1,0
BRDA:421,32,2,0
BRDA:428,33,0,0
BRDA:428,33,1,0
BRDA:431,34,0,0
BRDA:431,34,1,0
BRDA:431,35,0,0
BRDA:431,35,1,0
BRDA:432,36,0,0
BRDA:432,36,1,0
BRDA:432,37,0,0
BRDA:432,37,1,0
BRDA:435,38,0,0
BRDA:435,38,1,0
BRDA:436,39,0,0
BRDA:436,39,1,0
BRDA:451,40,0,0
BRDA:451,40,1,0
BRDA:460,41,0,0
BRDA:460,41,1,0
BRDA:460,42,0,0
BRDA:460,42,1,0
BRDA:506,43,0,0
BRDA:513,44,0,0
BRDA:513,44,1,2
BRDA:537,45,0,2
BRDA:537,45,1,2
BRDA:592,46,0,2
BRDA:592,46,1,1
BRDA:598,47,0,2
BRDA:598,47,1,0
BRDA:607,48,0,2
BRDA:607,48,1,0
BRDA:609,49,0,0
BRDA:609,49,1,2
BRDA:619,50,0,2
BRDA:619,50,1,0
BRDA:620,51,0,0
BRDA:620,51,1,2
BRDA:636,52,0,2
BRDA:636,52,1,0
BRDA:646,53,0,2
BRDA:646,53,1,0
BRDA:657,54,0,1
BRDA:657,54,1,0
BRDA:665,55,0,1
BRDA:665,55,1,1
BRDA:678,56,0,0
BRDA:680,57,0,0
BRDA:680,57,1,2
BRDA:680,58,0,2
BRDA:680,58,1,2
BRDA:703,59,0,2
BRDA:703,59,1,2
BRDA:705,60,0,1
BRDA:705,60,1,1
BRDA:720,61,0,0
BRDA:720,61,1,0
BRDA:20,62,0,1
BRDA:20,62,1,0
BRDA:20,63,0,1
BRDA:20,63,1,1
BRDA:20,64,0,1
BRDA:20,64,1,0
BRDA:20,65,0,1
BRDA:20,65,1,1
BRDA:21,66,0,1
BRDA:21,66,1,0
BRDA:21,67,0,1
BRDA:21,67,1,1
BRF:138
BRH:49
end_of_record
TN:
SF:src/users/users.controller.ts
FN:26,(anonymous_4)
FN:30,(anonymous_5)
FN:36,(anonymous_6)
FN:43,(anonymous_7)
FN:50,(anonymous_8)
FN:57,(anonymous_9)
FN:63,(anonymous_10)
FN:74,(anonymous_11)
FN:81,(anonymous_12)
FN:86,(anonymous_13)
FN:96,(anonymous_14)
FN:101,(anonymous_15)
FNF:12
FNH:1
FNDA:1,(anonymous_4)
FNDA:0,(anonymous_5)
FNDA:0,(anonymous_6)
FNDA:0,(anonymous_7)
FNDA:0,(anonymous_8)
FNDA:0,(anonymous_9)
FNDA:0,(anonymous_10)
FNDA:0,(anonymous_11)
FNDA:0,(anonymous_12)
FNDA:0,(anonymous_13)
FNDA:0,(anonymous_14)
FNDA:0,(anonymous_15)
DA:1,1
DA:12,1
DA:13,1
DA:14,1
DA:15,1
DA:17,1
DA:18,1
DA:19,1
DA:20,1
DA:21,1
DA:22,1
DA:25,1
DA:26,1
DA:30,1
DA:31,0
DA:36,1
DA:37,0
DA:43,1
DA:44,0
DA:50,1
DA:51,0
DA:57,1
DA:58,0
DA:63,1
DA:68,0
DA:74,1
DA:75,0
DA:80,1
DA:81,0
DA:86,1
DA:90,0
DA:95,1
DA:96,0
DA:101,1
DA:105,0
LF:35
LH:24
BRDA:36,0,0,1
BRDA:36,0,1,0
BRDA:36,1,0,1
BRDA:36,1,1,1
BRDA:43,2,0,1
BRDA:43,2,1,0
BRDA:43,3,0,1
BRDA:43,3,1,1
BRDA:65,4,0,1
BRDA:65,4,1,0
BRDA:65,5,0,1
BRDA:65,5,1,1
BRDA:26,6,0,1
BRDA:26,6,1,0
BRDA:26,7,0,1
BRDA:26,7,1,1
BRDA:87,8,0,1
BRDA:87,8,1,0
BRDA:87,9,0,1
BRDA:87,9,1,1
BRDA:81,10,0,1
BRDA:81,10,1,0
BRDA:81,11,0,1
BRDA:81,11,1,1
BRDA:102,12,0,1
BRDA:102,12,1,0
BRDA:102,13,0,1
BRDA:102,13,1,1
BRDA:96,14,0,1
BRDA:96,14,1,0
BRDA:96,15,0,1
BRDA:96,15,1,1
BRF:32
BRH:24
end_of_record
TN:
SF:src/users/users.service.ts
FN:16,(anonymous_11)
FN:18,(anonymous_12)
FN:45,(anonymous_13)
FN:54,(anonymous_14)
FN:67,(anonymous_15)
FN:84,(anonymous_16)
FN:106,(anonymous_17)
FN:122,(anonymous_18)
FN:151,(anonymous_19)
FN:168,(anonymous_20)
FN:211,(anonymous_21)
FN:223,(anonymous_22)
FNF:12
FNH:5
FNDA:7,(anonymous_11)
FNDA:3,(anonymous_12)
FNDA:2,(anonymous_13)
FNDA:2,(anonymous_14)
FNDA:0,(anonymous_15)
FNDA:0,(anonymous_16)
FNDA:0,(anonymous_17)
FNDA:0,(anonymous_18)
FNDA:0,(anonymous_19)
FNDA:0,(anonymous_20)
FNDA:0,(anonymous_21)
FNDA:6,(anonymous_22)
DA:1,2
DA:7,2
DA:8,2
DA:15,2
DA:16,7
DA:19,3
DA:23,3
DA:24,1
DA:27,2
DA:29,2
DA:46,2
DA:55,2
DA:60,2
DA:61,1
DA:64,1
DA:68,0
DA:78,0
DA:79,0
DA:82,0
DA:83,0
DA:84,0
DA:88,0
DA:106,0
DA:123,0
DA:124,0
DA:127,0
DA:128,0
DA:132,0
DA:148,0
DA:152,0
DA:165,0
DA:174,0
DA:175,0
DA:178,0
DA:180,0
DA:181,0
DA:185,0
DA:186,0
DA:190,0
DA:194,0
DA:212,0
DA:214,0
DA:218,0
DA:224,6
LF:44
LH:16
BRDA:23,0,0,1
BRDA:23,0,1,2
BRDA:60,1,0,1
BRDA:60,1,1,1
BRDA:78,2,0,0
BRDA:78,2,1,0
BRDA:83,3,0,0
BRDA:83,3,1,0
BRDA:102,4,0,0
BRDA:102,4,1,0
BRDA:123,5,0,0
BRDA:123,5,1,0
BRDA:127,6,0,0
BRDA:127,6,1,0
BRDA:127,7,0,0
BRDA:127,7,1,0
BRDA:174,8,0,0
BRDA:174,8,1,0
BRDA:174,9,0,0
BRDA:174,9,1,0
BRDA:180,10,0,0
BRDA:180,10,1,0
BRDA:185,11,0,0
BRDA:185,11,1,0
BRDA:185,12,0,0
BRDA:185,12,1,0
BRDA:190,13,0,0
BRDA:190,13,1,0
BRDA:205,14,0,0
BRDA:205,14,1,0
BRDA:16,15,0,2
BRDA:16,15,1,0
BRDA:16,16,0,2
BRDA:16,16,1,2
BRF:34
BRH:7
end_of_record
